[28Feb2025 00:02:01.624] [Server thread/INFO] [net.minecraft.server.MinecraftServer/]: M5T1 has made the advancement [Sky of Beginning]
[28Feb2025 00:03:00.558] [Server thread/INFO] [net.minecraft.server.MinecraftServer/]: LORY_CT has made the advancement [Voluntary Exile]
[28Feb2025 00:03:27.224] [Server thread/INFO] [net.minecraft.server.MinecraftServer/]: [MadaraUchiha2909: Teleported MadaraUchiha2909 to -24.500000, -12.500000, -0.500000]
[28Feb2025 00:05:36.915] [Server thread/INFO] [net.minecraft.server.MinecraftServer/]: LORY_CT has made the advancement [We Need to Go Deeper]
[28Feb2025 00:05:40.741] [Server thread/WARN] [net.minecraft.world.level.storage.loot.LootTable/]: Tried to over-fill a container
[28Feb2025 00:05:48.024] [Server thread/INFO] [net.minecraft.server.MinecraftServer/]: M5T1 has made the advancement [We Need to Go Deeper]
[28Feb2025 00:06:41.358] [Server thread/INFO] [net.minecraft.server.MinecraftServer/]: [MadaraUchiha2909: Teleported MadaraUchiha2909 to -24.500000, -12.500000, -0.500000]
[28Feb2025 00:06:43.480] [Worker-Main-3/WARN] [net.minecraft.world.entity.ai.attributes.AttributeMap/]: Ignoring unknown attribute 'reach-entity-attributes:reach'
[28Feb2025 00:06:43.481] [Worker-Main-3/WARN] [net.minecraft.world.entity.ai.attributes.AttributeMap/]: Ignoring unknown attribute 'reach-entity-attributes:reach'
[28Feb2025 00:06:43.481] [Worker-Main-3/WARN] [net.minecraft.world.entity.ai.attributes.AttributeMap/]: Ignoring unknown attribute 'reach-entity-attributes:reach'
[28Feb2025 00:06:43.543] [Worker-Main-2/WARN] [net.minecraft.world.entity.ai.attributes.AttributeMap/]: Ignoring unknown attribute 'reach-entity-attributes:reach'
[28Feb2025 00:06:48.484] [Worker-Main-1/WARN] [net.minecraft.world.entity.ai.attributes.AttributeMap/]: Ignoring unknown attribute 'reach-entity-attributes:reach'
[28Feb2025 00:06:48.513] [Worker-Main-2/WARN] [net.minecraft.world.entity.ai.attributes.AttributeMap/]: Ignoring unknown attribute 'reach-entity-attributes:reach'
[28Feb2025 00:06:48.513] [Worker-Main-2/WARN] [net.minecraft.world.entity.ai.attributes.AttributeMap/]: Ignoring unknown attribute 'reach-entity-attributes:reach'
[28Feb2025 00:06:48.514] [Worker-Main-2/WARN] [net.minecraft.world.entity.ai.attributes.AttributeMap/]: Ignoring unknown attribute 'reach-entity-attributes:reach'
[28Feb2025 00:06:48.514] [Worker-Main-2/WARN] [net.minecraft.world.entity.ai.attributes.AttributeMap/]: Ignoring unknown attribute 'reach-entity-attributes:reach'
[28Feb2025 00:06:48.556] [Worker-Main-2/WARN] [net.minecraft.world.entity.ai.attributes.AttributeMap/]: Ignoring unknown attribute 'reach-entity-attributes:reach'
[28Feb2025 00:06:48.563] [Worker-Main-2/WARN] [net.minecraft.world.entity.ai.attributes.AttributeMap/]: Ignoring unknown attribute 'reach-entity-attributes:reach'
[28Feb2025 00:06:48.564] [Worker-Main-2/WARN] [net.minecraft.world.entity.ai.attributes.AttributeMap/]: Ignoring unknown attribute 'reach-entity-attributes:reach'
[28Feb2025 00:06:48.623] [Worker-Main-1/WARN] [net.minecraft.world.entity.ai.attributes.AttributeMap/]: Ignoring unknown attribute 'reach-entity-attributes:reach'
[28Feb2025 00:06:48.624] [Worker-Main-1/WARN] [net.minecraft.world.entity.ai.attributes.AttributeMap/]: Ignoring unknown attribute 'reach-entity-attributes:reach'
[28Feb2025 00:06:48.624] [Worker-Main-1/WARN] [net.minecraft.world.entity.ai.attributes.AttributeMap/]: Ignoring unknown attribute 'reach-entity-attributes:reach'
[28Feb2025 00:07:22.211] [Worker-Main-1/WARN] [net.minecraft.world.entity.ai.attributes.AttributeMap/]: Ignoring unknown attribute 'reach-entity-attributes:reach'
[28Feb2025 00:07:26.865] [Worker-Main-2/WARN] [net.minecraft.world.entity.ai.attributes.AttributeMap/]: Ignoring unknown attribute 'reach-entity-attributes:reach'
[28Feb2025 00:07:26.868] [Worker-Main-2/WARN] [net.minecraft.world.entity.ai.attributes.AttributeMap/]: Ignoring unknown attribute 'reach-entity-attributes:reach'
[28Feb2025 00:07:26.886] [Worker-Main-3/WARN] [net.minecraft.world.entity.ai.attributes.AttributeMap/]: Ignoring unknown attribute 'reach-entity-attributes:reach'
[28Feb2025 00:08:41.608] [Server thread/INFO] [net.minecraft.server.MinecraftServer/]: [MadaraUchiha2909: Teleported LORY_CT to MadaraUchiha2909]
[28Feb2025 00:09:05.805] [Server thread/INFO] [net.minecraft.server.MinecraftServer/]: LORY_CT has made the advancement [Penteconter]
[28Feb2025 00:12:18.653] [Server thread/INFO] [net.minecraft.server.MinecraftServer/]: LORY_CT has made the advancement [Sneak 100]
[28Feb2025 00:13:57.202] [Worker-Main-2/WARN] [net.minecraft.world.entity.ai.attributes.AttributeMap/]: Ignoring unknown attribute 'reach-entity-attributes:reach'
[28Feb2025 00:13:57.202] [Worker-Main-2/WARN] [net.minecraft.world.entity.ai.attributes.AttributeMap/]: Ignoring unknown attribute 'reach-entity-attributes:reach'
[28Feb2025 00:13:57.203] [Worker-Main-2/WARN] [net.minecraft.world.entity.ai.attributes.AttributeMap/]: Ignoring unknown attribute 'reach-entity-attributes:reach'
[28Feb2025 00:13:57.203] [Worker-Main-2/WARN] [net.minecraft.world.entity.ai.attributes.AttributeMap/]: Ignoring unknown attribute 'reach-entity-attributes:reach'
[28Feb2025 00:13:57.210] [Worker-Main-2/WARN] [net.minecraft.world.entity.ai.attributes.AttributeMap/]: Ignoring unknown attribute 'reach-entity-attributes:reach'
[28Feb2025 00:13:57.211] [Worker-Main-2/WARN] [net.minecraft.world.entity.ai.attributes.AttributeMap/]: Ignoring unknown attribute 'reach-entity-attributes:reach'
[28Feb2025 00:13:57.211] [Worker-Main-2/WARN] [net.minecraft.world.entity.ai.attributes.AttributeMap/]: Ignoring unknown attribute 'reach-entity-attributes:reach'
[28Feb2025 00:13:57.211] [Worker-Main-2/WARN] [net.minecraft.world.entity.ai.attributes.AttributeMap/]: Ignoring unknown attribute 'reach-entity-attributes:reach'
[28Feb2025 00:13:57.211] [Worker-Main-2/WARN] [net.minecraft.world.entity.ai.attributes.AttributeMap/]: Ignoring unknown attribute 'reach-entity-attributes:reach'
[28Feb2025 00:14:58.878] [Server thread/INFO] [net.minecraft.server.MinecraftServer/]: MadaraUchiha2909 has made the advancement [Alex's Caves]
[28Feb2025 00:15:19.282] [Server thread/INFO] [net.minecraft.server.MinecraftServer/]: LORY_CT has made the advancement [Alex's Caves]
[28Feb2025 00:15:24.779] [Server thread/INFO] [net.minecraft.server.MinecraftServer/]: MadaraUchiha2909 has made the advancement [Once Upon a Cave]
[28Feb2025 00:15:40.339] [Server thread/INFO] [net.minecraft.server.MinecraftServer/]: LORY_CT has made the advancement [It Belongs in a Museum]
[28Feb2025 00:22:08.916] [Worker-Main-1/WARN] [net.minecraft.world.entity.ai.attributes.AttributeMap/]: Ignoring unknown attribute 'reach-entity-attributes:reach'
[28Feb2025 00:22:08.917] [Worker-Main-1/WARN] [net.minecraft.world.entity.ai.attributes.AttributeMap/]: Ignoring unknown attribute 'reach-entity-attributes:reach'
[28Feb2025 00:22:08.917] [Worker-Main-1/WARN] [net.minecraft.world.entity.ai.attributes.AttributeMap/]: Ignoring unknown attribute 'reach-entity-attributes:reach'
[28Feb2025 00:22:08.925] [Worker-Main-2/WARN] [net.minecraft.world.entity.ai.attributes.AttributeMap/]: Ignoring unknown attribute 'reach-entity-attributes:reach'
[28Feb2025 00:22:12.682] [Server thread/INFO] [net.minecraft.server.network.ServerGamePacketListenerImpl/]: M5T1 lost connection: Disconnected
[28Feb2025 00:22:12.682] [Server thread/INFO] [net.minecraft.server.MinecraftServer/]: M5T1 left the game
[28Feb2025 00:23:58.069] [Server thread/INFO] [net.minecraft.server.MinecraftServer/]: [MadaraUchiha2909: Teleported MadaraUchiha2909 to -23.500000, -7.500000, 84.500000]
